0 info it worked if it ends with ok
1 verbose cli [ '/usr/local/bin/node',
1 verbose cli   '/usr/local/bin/npm',
1 verbose cli   'uninstall',
1 verbose cli   'ipify' ]
2 info using npm@1.4.28
3 info using node@v0.10.32
4 verbose node_modules/ipify unbuild
5 info preuninstall ipify@1.0.5
6 info uninstall ipify@1.0.5
7 verbose true,/home/sagarsaurus/WebstormProjects/Presto/node_modules,/home/sagarsaurus/WebstormProjects/Presto/node_modules unbuild ipify@1.0.5
8 verbose /home/sagarsaurus/WebstormProjects/Presto/node_modules/.bin,[object Object] binRoot
9 error Error: EACCES, unlink '/home/sagarsaurus/WebstormProjects/Presto/node_modules/.bin/ipify'
9 error  { [Error: EACCES, unlink '/home/sagarsaurus/WebstormProjects/Presto/node_modules/.bin/ipify']
9 error   errno: 3,
9 error   code: 'EACCES',
9 error   path: '/home/sagarsaurus/WebstormProjects/Presto/node_modules/.bin/ipify' }
10 error Please try running this command again as root/Administrator.
11 error System Linux 3.13.0-24-generic
12 error command "/usr/local/bin/node" "/usr/local/bin/npm" "uninstall" "ipify"
13 error cwd /home/sagarsaurus/WebstormProjects/Presto
14 error node -v v0.10.32
15 error npm -v 1.4.28
16 error path /home/sagarsaurus/WebstormProjects/Presto/node_modules/.bin/ipify
17 error code EACCES
18 error errno 3
19 error stack Error: EACCES, unlink '/home/sagarsaurus/WebstormProjects/Presto/node_modules/.bin/ipify'
20 verbose exit [ 3, true ]
